make all --print-data-base --no-builtin-variables --no-builtin-rules --question
# GNU Make 4.2.1
# Built for x86_64-pc-linux-gnu
# Copyright (C) 1988-2016 Free Software Foundation, Inc.
# License GPLv3+: GNU GPL version 3 or later <http://gnu.org/licenses/gpl.html>
# This is free software: you are free to change and redistribute it.
# There is NO WARRANTY, to the extent permitted by law.

# Make data base, printed on Thu Jun 30 10:28:09 2022

# Variables

# automatic
<D = $(patsubst %/,%,$(dir $<))
# automatic
?F = $(notdir $?)
# environment
WSLENV = ELECTRON_RUN_AS_NODE/w:
# default
.SHELLFLAGS := -c
# environment
VSCODE_LOG_NATIVE = false
# automatic
?D = $(patsubst %/,%,$(dir $?))
# automatic
@D = $(patsubst %/,%,$(dir $@))
# automatic
@F = $(notdir $@)
# makefile
CURDIR := /home/mfaucheu/42cursus_github/CPP_modules/CPP_module_03/ex03
# makefile
SHELL = /bin/sh
# makefile (from 'Makefile', line 23)
RM = rm -rf
# environment
VSCODE_NLS_CONFIG = {"locale":"fr","availableLanguages":{"*":"fr"},"_languagePackId":"575d78304484aa5fa0cbb32d34fd883d.fr","_translationsConfigFile":"/home/mfaucheu/.vscode-server/data/clp/575d78304484aa5fa0cbb32d34fd883d.fr/tcf.json","_cacheRoot":"/home/mfaucheu/.vscode-server/data/clp/575d78304484aa5fa0cbb32d34fd883d.fr","_resolvedLanguagePackCoreLocation":"/home/mfaucheu/.vscode-server/data/clp/575d78304484aa5fa0cbb32d34fd883d.fr/30d9c6cd9483b2cc586687151bcbcd635f373630","_corruptedFile":"/home/mfaucheu/.vscode-server/data/clp/575d78304484aa5fa0cbb32d34fd883d.fr/corrupted.info","_languagePackSupport":true}
# environment
_ = /mnt/c/Users/migue/AppData/Local/Programs/Microsoft VS Code/bin/code
# makefile (from 'Makefile', line 1)
MAKEFILE_LIST :=  Makefile
# 'override' directive
GNUMAKEFLAGS := 
# environment
VSCODE_VERBOSE_LOGGING = true
# makefile (from 'Makefile', line 17)
OBJS = $(SRCS:.cpp=.o)
# environment
VSCODE_CWD = /mnt/c/Users/migue/AppData/Local/Programs/Microsoft VS Code
# default
MAKE_HOST := x86_64-pc-linux-gnu
# environment
PATH = /home/mfaucheu/.vscode-server/bin/30d9c6cd9483b2cc586687151bcbcd635f373630/bin/remote-cli:/usr/local/sbin:/usr/local/bin:/usr/sbin:/usr/bin:/sbin:/bin:/usr/games:/usr/local/games:/usr/lib/wsl/lib:/mnt/c/Program Files/NVIDIA GPU Computing Toolkit/CUDA/v11.2/bin:/mnt/c/Program Files/NVIDIA GPU Computing Toolkit/CUDA/v11.2/libnvvp:/mnt/c/Python38/Scripts/:/mnt/c/Python38/:/mnt/c/Program Files (x86)/Common Files/Oracle/Java/javapath:/mnt/c/Windows/system32:/mnt/c/Windows:/mnt/c/Windows/System32/Wbem:/mnt/c/Windows/System32/WindowsPowerShell/v1.0/:/mnt/c/Windows/System32/OpenSSH/:/mnt/c/Program Files (x86)/NVIDIA Corporation/PhysX/Common:/mnt/c/Program Files/NVIDIA Corporation/NVIDIA NvDLISR:/mnt/c/Program Files/Git/cmd:/mnt/c/Program Files/NVIDIA Corporation/Nsight Compute 2020.3.0/:/mnt/c/WINDOWS/system32:/mnt/c/WINDOWS:/mnt/c/WINDOWS/System32/Wbem:/mnt/c/WINDOWS/System32/WindowsPowerShell/v1.0/:/mnt/c/WINDOWS/System32/OpenSSH/:/mnt/c/ProgramData/chocolatey/bin:/mnt/c/Users/migue/AppData/Local/Microsoft/WindowsApps:/mnt/c/Users/migue/AppData/Local/Programs/Microsoft VS Code:/mnt/c/Program Files/mingw-w64/x86_64-8.1.0-posix-seh-rt_v6-rev0/mingw64/bin:/mnt/c/Program Files/LLVM/bin:/mnt/c/Users/migue/AppData/Local/Programs/Microsoft VS Code/bin
# environment
LSCOLORS = Gxfxcxdxbxegedabagacad
# environment
XDG_RUNTIME_DIR = /mnt/wslg/runtime-dir
# environment
VSCODE_LOG_STACK = false
# environment
VSCODE_IPC_HOOK_CLI = /mnt/wslg/runtime-dir/vscode-ipc-830beda2-b39e-48cd-9b63-8c92730e36cd.sock
# default
.FEATURES := target-specific order-only second-expansion else-if shortest-stem undefine oneshell archives jobserver output-sync check-symlink load
# environment
LS_COLORS = di=1;31
# automatic
%F = $(notdir $%)
# environment
DISPLAY = :0
# environment
VSCODE_PIPE_LOGGING = true
# environment
PWD = /home/mfaucheu/42cursus_github/CPP_modules/CPP_module_03/ex03
# default
.LOADED := 
# environment
WSL_INTEROP = /run/WSL/19593_interop
# environment
PULSE_SERVER = /mnt/wslg/PulseServer
# environment
VSCODE_AMD_ENTRYPOINT = vs/workbench/api/node/extensionHostProcess
# environment
HOME = /home/mfaucheu
# environment
LOGNAME = mfaucheu
# environment
APPLICATION_INSIGHTS_NO_DIAGNOSTIC_CHANNEL = 1
# environment
ZSH = /home/mfaucheu/.oh-my-zsh
# environment
VSCODE_HANDLES_UNCAUGHT_ERRORS = true
# automatic
^D = $(patsubst %/,%,$(dir $^))
# environment
MAKELEVEL := 0
# default
MAKE = $(MAKE_COMMAND)
# default
MAKECMDGOALS := all
# makefile (from 'Makefile', line 15)
SRCS = main.cpp ClapTrap.cpp ScavTrap.cpp FragTrap.cpp DiamondTrap.cpp
# environment
SHLVL = 1
# makefile (from 'Makefile', line 21)
CC = c++
# default
MAKE_VERSION := 4.2.1
# environment
USER = mfaucheu
# makefile
.DEFAULT_GOAL := all
# makefile (from 'Makefile', line 13)
NAME = getting_weird
# environment
LESS = -R
# automatic
%D = $(patsubst %/,%,$(dir $%))
# environment
VSCODE_WSL_EXT_LOCATION = /mnt/c/Users/migue/.vscode/extensions/ms-vscode-remote.remote-wsl-0.66.3
# default
MAKE_COMMAND := make
# environment
OLDPWD = /mnt/c/Users/migue/AppData/Local/Programs/Microsoft VS Code
# default
.VARIABLES := 
# automatic
*F = $(notdir $*)
# makefile
MAKEFLAGS = pqrR
# environment
MFLAGS = -pqrR
# automatic
*D = $(patsubst %/,%,$(dir $*))
# automatic
+D = $(patsubst %/,%,$(dir $+))
# automatic
+F = $(notdir $+)
# environment
VSCODE_HANDLES_SIGPIPE = true
# default
MAKEFILES := 
# automatic
 
<F = $(notdir $<)
# environment
PAGER = less
# environment
LC_ALL = C
# environment
HOSTTYPE = x86_64
# automatic
^F = $(notdir $^)
# default
SUFFIXES := 
# environment
WAYLAND_DISPLAY = wayland-0
# makefile (from 'Makefile', line 19)
FLAGS = -std=c++98 -Wall -Werror -Wextra -g
# default
.INCLUDE_DIRS = /usr/include /usr/local/include /usr/include
# default
.RECIPEPREFIX := 
# environment
LANG = C
# environment
TERM = xterm-256color
# environment
VSCODE_EXTHOST_WILL_SEND_SOCKET = true
# environment
WSL_DISTRO_NAME = Ubuntu-20.04
# variable set hash-table stats:
# Load=78/1024=8%, Rehash=0, Collisions=6/113=5%

# Pattern-specific Variable Values

# No pattern-specific variable values.

# Directories

# . (device 2080, inode 107869): 13 files, no impossibilities.

# 13 files, no impossibilities in 1 directories.

# Implicit Rules

%.o: %.cpp
#  recipe to execute (from 'Makefile', line 26):
				$(CC) $(FLAGS) -c -o $@ $<

# 1 implicit rules, 0 (0.0%) terminal.

# Files

all: getting_weird
#  Phony target (prerequisite of .PHONY).
#  Command line target.
#  Implicit rule search has not been done.
#  File does not exist.
#  File has been updated.
#  Needs to be updated (-q is set).
# variable set hash-table stats:
# Load=0/32=0%, Rehash=0, Collisions=0/5=0%

.PHONY: all clean fclean re
#  Implicit rule search has not been done.
#  Modification time never checked.
#  File has not been updated.

# Not a target:
DiamondTrap.o:
#  Implicit rule search has not been done.
#  Modification time never checked.
#  File has not been updated.

# Not a target:
Makefile:
#  Implicit rule search has been done.
#  Last modified 2022-06-28 22:11:58.1210283
#  File has been updated.
#  Successfully updated.

# Not a target:
main.cpp:
#  Implicit rule search has been done.
#  Last modified 2022-06-28 22:11:58.1210283
#  File has been updated.
#  Successfully updated.

fclean: clean
#  Phony target (prerequisite of .PHONY).
#  Implicit rule search has not been done.
#  File does not exist.
#  File has not been updated.
#  recipe to execute (from 'Makefile', line 37):
				$(RM) $(NAME)

# Not a target:
ScavTrap.o:
#  Implicit rule search has not been done.
#  Modification time never checked.
#  File has not been updated.

# Not a target:
.DEFAULT:
#  Implicit rule search has not been done.
#  Modification time never checked.
#  File has not been updated.

re: fclean all
#  Phony target (prerequisite of .PHONY).
#  Implicit rule search has not been done.
#  File does not exist.
#  File has not been updated.

clean:
#  Phony target (prerequisite of .PHONY).
#  Implicit rule search has not been done.
#  File does not exist.
#  File has not been updated.
#  recipe to execute (from 'Makefile', line 34):
				$(RM) $(OBJS)

getting_weird: main.o ClapTrap.o ScavTrap.o FragTrap.o DiamondTrap.o
#  Implicit rule search has not been done.
#  File does not exist.
#  File has been updated.
#  Needs to be updated (-q is set).
# variable set hash-table stats:
# Load=0/32=0%, Rehash=0, Collisions=0/5=0%
#  recipe to execute (from 'Makefile', line 31):
				$(CC) $(OBJS) -o $(NAME)

# Not a target:
ClapTrap.o:
#  Implicit rule search has not been done.
#  Modification time never checked.
#  File has not been updated.

main.o: main.cpp
#  Implicit rule search has been done.
#  Implicit/static pattern stem: 'main'
#  File does not exist.
#  File has been updated.
#  Needs to be updated (-q is set).
# automatic
# @ := main.o
# automatic
# % := 
# automatic
# * := main
# automatic
# + := main.cpp
# automatic
# | := 
# automatic
# < := main.cpp
# automatic
# ^ := main.cpp
# automatic
# ? := main.cpp
# variable set hash-table stats:
# Load=8/32=25%, Rehash=0, Collisions=1/15=7%
#  recipe to execute (from 'Makefile', line 26):
				$(CC) $(FLAGS) -c -o $@ $<

# Not a target:
FragTrap.o:
#  Implicit rule search has not been done.
#  Modification time never checked.
#  File has not been updated.

# files hash-table stats:
# Load=15/1024=1%, Rehash=0, Collisions=0/43=0%
# VPATH Search Paths

# No 'vpath' search paths.

# No general ('VPATH' variable) search path.

# strcache buffers: 1 (0) / strings = 31 / storage = 302 B / avg = 9 B
# current buf: size = 8162 B / used = 302 B / count = 31 / avg = 9 B

# strcache performance: lookups = 52 / hit rate = 40%
# hash-table stats:
# Load=31/8192=0%, Rehash=0, Collisions=1/52=2%
# Finished Make data base on Thu Jun 30 10:28:09 2022

 
